app/build/outputs/logs/manifest-merger-debug-report.txt
-- Merging decision tree log ---
manifest
ADDED from src\main\AndroidManifest.xml:2:1-151:12
	package
		ADDED from src\main\AndroidManifest.xml:3:5-28
		INJECTED from src\main\AndroidManifest.xml
		INJECTED from src\main\AndroidManifest.xml
	android:versionName
		ADDED from src\main\AndroidManifest.xml:5:5-30
		INJECTED from src\main\AndroidManifest.xml
		INJECTED from src\main\AndroidManifest.xml
	android:versionCode
		ADDED from src\main\AndroidManifest.xml:4:5-29
		INJECTED from src\main\AndroidManifest.xml
		INJECTED from src\main\AndroidManifest.xml
	xmlns:android
		ADDED from src\main\AndroidManifest.xml:2:11-69
uses-sdk
ADDED from src\main\AndroidManifest.xml:7:5-9:41
	android:targetSdkVersion
		ADDED from src\main\AndroidManifest.xml:9:9-38
		INJECTED from src\main\AndroidManifest.xml
		INJECTED from src\main\AndroidManifest.xml
	android:minSdkVersion
		ADDED from src\main\AndroidManifest.xml:8:9-35
		INJECTED from src\main\AndroidManifest.xml
		INJECTED from src\main\AndroidManifest.xml
application
ADDED from src\main\AndroidManifest.xml:12:5-116:19
	android:label
		ADDED from src\main\AndroidManifest.xml:16:9-41
	android:allowBackup
		ADDED from src\main\AndroidManifest.xml:14:9-35
	android:icon
		ADDED from src\main\AndroidManifest.xml:15:9-45
	android:name
		ADDED from src\main\AndroidManifest.xml:13:9-51
activity#com.zhang.box.LoadingActivity
ADDED from src\main\AndroidManifest.xml:17:9-40:20
	android:label
		ADDED from src\main\AndroidManifest.xml:19:13-45
	android:name
		ADDED from src\main\AndroidManifest.xml:18:13-57
intent-filter#android.intent.action.MAIN+android.intent.category.LAUNCHER
ADDED from src\main\AndroidManifest.xml:20:13-29:29
	android:priority
		ADDED from src\main\AndroidManifest.xml:20:28-48
action#android.intent.action.MAIN
ADDED from src\main\AndroidManifest.xml:21:17-69
	android:name
		ADDED from src\main\AndroidManifest.xml:21:25-66
category#android.intent.category.LAUNCHER
ADDED from src\main\AndroidManifest.xml:23:17-77
	android:name
		ADDED from src\main\AndroidManifest.xml:23:27-74
intent-filter#android.intent.action.VIEW+android.intent.category.DEFAULT
ADDED from src\main\AndroidManifest.xml:30:13-39:29
category#android.intent.category.DEFAULT
ADDED from src\main\AndroidManifest.xml:31:17-76
	android:name
		ADDED from src\main\AndroidManifest.xml:31:27-73
action#android.intent.action.VIEW
ADDED from src\main\AndroidManifest.xml:33:17-69
	android:name
		ADDED from src\main\AndroidManifest.xml:33:25-66
data
ADDED from src\main\AndroidManifest.xml:35:17-38:51
	android:path
		ADDED from src\main\AndroidManifest.xml:37:21-40
	android:host
		ADDED from src\main\AndroidManifest.xml:36:21-39
	android:scheme
		ADDED from src\main\AndroidManifest.xml:38:21-48
service#com.zhang.box.services.LoadingService
ADDED from src\main\AndroidManifest.xml:42:9-44:38
	android:enabled
		ADDED from src\main\AndroidManifest.xml:44:13-35
	android:name
		ADDED from src\main\AndroidManifest.xml:43:13-65
receiver#com.zhang.box.services.MachineBrocastReceiver
ADDED from src\main\AndroidManifest.xml:46:9-91
	android:name
		ADDED from src\main\AndroidManifest.xml:46:19-79
receiver#com.zhang.box.services.GoodsOutBrocastReceiver
ADDED from src\main\AndroidManifest.xml:47:9-92
	android:name
		ADDED from src\main\AndroidManifest.xml:47:19-80
activity#com.zhang.box.GallaryActivity
ADDED from src\main\AndroidManifest.xml:49:9-53:62
	android:screenOrientation
		ADDED from src\main\AndroidManifest.xml:53:13-50
	android:label
		ADDED from src\main\AndroidManifest.xml:51:13-45
	android:launchMode
		ADDED from src\main\AndroidManifest.xml:52:13-44
	android:name
		ADDED from src\main\AndroidManifest.xml:50:13-57
activity#com.zhang.box.CeShiActivity
ADDED from src\main\AndroidManifest.xml:54:9-57:62
	android:screenOrientation
		ADDED from src\main\AndroidManifest.xml:57:13-50
	android:label
		ADDED from src\main\AndroidManifest.xml:56:13-45
	android:name
		ADDED from src\main\AndroidManifest.xml:55:13-55
activity#com.zhang.box.ConfigActivity
ADDED from src\main\AndroidManifest.xml:58:9-61:62
	android:screenOrientation
		ADDED from src\main\AndroidManifest.xml:61:13-50
	android:label
		ADDED from src\main\AndroidManifest.xml:60:13-45
	android:name
		ADDED from src\main\AndroidManifest.xml:59:13-56
activity#com.zhang.box.ProActivity
ADDED from src\main\AndroidManifest.xml:62:9-65:62
	android:screenOrientation
		ADDED from src\main\AndroidManifest.xml:65:13-50
	android:label
		ADDED from src\main\AndroidManifest.xml:64:13-45
	android:name
		ADDED from src\main\AndroidManifest.xml:63:13-53
activity#com.zhang.box.DegreeActivity
ADDED from src\main\AndroidManifest.xml:66:9-69:62
	android:screenOrientation
		ADDED from src\main\AndroidManifest.xml:69:13-50
	android:label
		ADDED from src\main\AndroidManifest.xml:68:13-45
	android:name
		ADDED from src\main\AndroidManifest.xml:67:13-56
activity#com.zhang.box.HuodaoActivity
ADDED from src\main\AndroidManifest.xml:70:9-73:62
	android:screenOrientation
		ADDED from src\main\AndroidManifest.xml:73:13-50
	android:label
		ADDED from src\main\AndroidManifest.xml:72:13-45
	android:name
		ADDED from src\main\AndroidManifest.xml:71:13-56
activity#com.zhang.box.WebViewCeshiActivity
ADDED from src\main\AndroidManifest.xml:74:9-77:62
	android:screenOrientation
		ADDED from src\main\AndroidManifest.xml:77:13-50
	android:label
		ADDED from src\main\AndroidManifest.xml:76:13-45
	android:name
		ADDED from src\main\AndroidManifest.xml:75:13-62
activity#com.zhang.box.ReadSystemMemory
ADDED from src\main\AndroidManifest.xml:78:9-81:62
	android:screenOrientation
		ADDED from src\main\AndroidManifest.xml:81:13-50
	android:label
		ADDED from src\main\AndroidManifest.xml:80:13-45
	android:name
		ADDED from src\main\AndroidManifest.xml:79:13-58
activity#com.zhang.box.BuyActivity
ADDED from src\main\AndroidManifest.xml:82:9-85:62
	android:screenOrientation
		ADDED from src\main\AndroidManifest.xml:85:13-50
	android:label
		ADDED from src\main\AndroidManifest.xml:84:13-45
	android:name
		ADDED from src\main\AndroidManifest.xml:83:13-53
activity#com.zhang.box.AppActivity
ADDED from src\main\AndroidManifest.xml:86:9-89:62
	android:screenOrientation
		ADDED from src\main\AndroidManifest.xml:89:13-50
	android:label
		ADDED from src\main\AndroidManifest.xml:88:13-45
	android:name
		ADDED from src\main\AndroidManifest.xml:87:13-53
activity#com.zhang.box.DesAppActivity
ADDED from src\main\AndroidManifest.xml:90:9-93:62
	android:screenOrientation
		ADDED from src\main\AndroidManifest.xml:93:13-50
	android:label
		ADDED from src\main\AndroidManifest.xml:92:13-45
	android:name
		ADDED from src\main\AndroidManifest.xml:91:13-56
activity#com.zhang.box.DesProAppActivity
ADDED from src\main\AndroidManifest.xml:94:9-97:62
	android:screenOrientation
		ADDED from src\main\AndroidManifest.xml:97:13-50
	android:label
		ADDED from src\main\AndroidManifest.xml:96:13-45
	android:name
		ADDED from src\main\AndroidManifest.xml:95:13-59
activity#com.zhang.box.HelpActivity
ADDED from src\main\AndroidManifest.xml:98:9-101:62
	android:screenOrientation
		ADDED from src\main\AndroidManifest.xml:101:13-50
	android:label
		ADDED from src\main\AndroidManifest.xml:100:13-45
	android:name
		ADDED from src\main\AndroidManifest.xml:99:13-54
activity#com.zhang.box.DesProActivity
ADDED from src\main\AndroidManifest.xml:102:9-106:59
	android:screenOrientation
		ADDED from src\main\AndroidManifest.xml:105:13-50
	android:label
		ADDED from src\main\AndroidManifest.xml:104:13-45
	android:theme
		ADDED from src\main\AndroidManifest.xml:106:13-47
	android:name
		ADDED from src\main\AndroidManifest.xml:103:13-56
activity#com.zhang.box.ProSucessActivity
ADDED from src\main\AndroidManifest.xml:107:9-111:59
	android:screenOrientation
		ADDED from src\main\AndroidManifest.xml:110:13-50
	android:label
		ADDED from src\main\AndroidManifest.xml:109:13-45
	android:theme
		ADDED from src\main\AndroidManifest.xml:111:13-47
	android:name
		ADDED from src\main\AndroidManifest.xml:108:13-59
service#com.zhang.box.services.MusicService
ADDED from src\main\AndroidManifest.xml:113:9-115:38
	android:enabled
		ADDED from src\main\AndroidManifest.xml:115:13-35
	android:name
		ADDED from src\main\AndroidManifest.xml:114:13-63
uses-permission#android.permission.VIBRATE
ADDED from src\main\AndroidManifest.xml:118:5-66
	android:name
		ADDED from src\main\AndroidManifest.xml:118:22-63
uses-permission#android.permission.ACCESS_NETWORK_STATE
ADDED from src\main\AndroidManifest.xml:119:5-79
	android:name
		ADDED from src\main\AndroidManifest.xml:119:22-76
uses-permission#android.permission.READ_PHONE_STATE
ADDED from src\main\AndroidManifest.xml:120:5-75
	android:name
		ADDED from src\main\AndroidManifest.xml:120:22-72
uses-permission#android.permission.WRITE_EXTERNAL_STORAGE
ADDED from src\main\AndroidManifest.xml:121:5-81
	android:name
		ADDED from src\main\AndroidManifest.xml:121:22-78
uses-permission#android.permission.ACCESS_WIFI_STATE
ADDED from src\main\AndroidManifest.xml:122:5-76
	android:name
		ADDED from src\main\AndroidManifest.xml:122:22-73
uses-permission#android.permission.ACCESS_COARSE_LOCATION
ADDED from src\main\AndroidManifest.xml:123:5-81
	android:name
		ADDED from src\main\AndroidManifest.xml:123:22-78
uses-permission#android.permission.ACCESS_FINE_LOCATION
ADDED from src\main\AndroidManifest.xml:124:5-79
	android:name
		ADDED from src\main\AndroidManifest.xml:124:22-76
uses-permission#android.permission.READ_EXTERNAL_STORAGE
ADDED from src\main\AndroidManifest.xml:125:5-80
	android:name
		ADDED from src\main\AndroidManifest.xml:125:22-77
uses-permission#android.permission.SYSTEM_ALERT_WINDOW
ADDED from src\main\AndroidManifest.xml:126:5-78
	android:name
		ADDED from src\main\AndroidManifest.xml:126:22-75
uses-permission#android.permission.CHANGE_WIFI_STATE
ADDED from src\main\AndroidManifest.xml:127:5-76
	android:name
		ADDED from src\main\AndroidManifest.xml:127:22-73
uses-permission#android.permission.GET_TASKS
ADDED from src\main\AndroidManifest.xml:129:5-68
	android:name
		ADDED from src\main\AndroidManifest.xml:129:22-65
uses-permission#android.permission.RECEIVE_BOOT_COMPLETED
ADDED from src\main\AndroidManifest.xml:131:5-81
	android:name
		ADDED from src\main\AndroidManifest.xml:131:22-78
uses-permission#android.permission.SET_DEBUG_APP
ADDED from src\main\AndroidManifest.xml:132:5-72
	android:name
		ADDED from src\main\AndroidManifest.xml:132:22-69
uses-permission#android.permission.GET_ACCOUNTS
ADDED from src\main\AndroidManifest.xml:133:5-71
	android:name
		ADDED from src\main\AndroidManifest.xml:133:22-68
uses-permission#android.permission.USE_CREDENTIALS
ADDED from src\main\AndroidManifest.xml:134:5-74
	android:name
		ADDED from src\main\AndroidManifest.xml:134:22-71
uses-permission#android.permission.MANAGE_ACCOUNTS
ADDED from src\main\AndroidManifest.xml:135:5-74
	android:name
		ADDED from src\main\AndroidManifest.xml:135:22-71
uses-permission#android.permission.KILL_BACKGROUND_PROCESSES
ADDED from src\main\AndroidManifest.xml:136:5-84
	android:name
		ADDED from src\main\AndroidManifest.xml:136:22-81
uses-permission#android.permission.REORDER_TASKS
ADDED from src\main\AndroidManifest.xml:137:5-72
	android:name
		ADDED from src\main\AndroidManifest.xml:137:22-69
uses-permission#com.android.launcher.permission.INSTALL_SHORTCUT
ADDED from src\main\AndroidManifest.xml:138:5-88
	android:name
		ADDED from src\main\AndroidManifest.xml:138:22-85
uses-permission#android.permission.INTERNET
ADDED from src\main\AndroidManifest.xml:140:5-67
	android:name
		ADDED from src\main\AndroidManifest.xml:140:22-64
uses-permission#android.permission.BLUETOOTH
ADDED from src\main\AndroidManifest.xml:141:5-68
	android:name
		ADDED from src\main\AndroidManifest.xml:141:22-65
uses-permission#android.permission.CAMERA
ADDED from src\main\AndroidManifest.xml:142:5-65
	android:name
		ADDED from src\main\AndroidManifest.xml:142:22-62
uses-feature#android.hardware.camera
ADDED from src\main\AndroidManifest.xml:144:5-60
	android:name
		ADDED from src\main\AndroidManifest.xml:144:19-57
uses-feature#android.hardware.camera.autofocus
ADDED from src\main\AndroidManifest.xml:145:5-70
	android:name
		ADDED from src\main\AndroidManifest.xml:145:19-67
uses-permission#android.permission.MOUNT_FORMAT_FILESYSTEMS
ADDED from src\main\AndroidManifest.xml:148:5-83
	android:name
		ADDED from src\main\AndroidManifest.xml:148:22-80